
> @arx/desktop@0.1.0 build /Users/johnjeong/Dev/arx/apps/desktop
> tsc && vite build

vite v7.3.1 building client environment for production...
transforming...
✓ 1794 modules transformed.
rendering chunks...
computing gzip size...
dist/index.html                                                     0.41 kB │ gzip:   0.27 kB
dist/assets/IBMPlexMono-Regular-Latin3-Df6MHWOD.woff2               6.42 kB
dist/assets/IBMPlexMono-Light-Latin3-DJKb-LDK.woff2                 6.50 kB
dist/assets/IBMPlexMono-SemiBold-Latin3-BPRD-mvZ.woff2              6.66 kB
dist/assets/IBMPlexSans-Regular-Latin3-B7f3PIUA.woff2               7.09 kB
dist/assets/IBMPlexSans-Light-Latin3-Dzanp4Xn.woff2                 7.21 kB
dist/assets/IBMPlexSans-SemiBold-Latin3-b1rxH0LD.woff2              7.28 kB
dist/assets/IBMPlexSans-Regular-Pi-CkmElvWW.woff2                   7.50 kB
dist/assets/IBMPlexSans-Light-Pi-Wq6RJxSB.woff2                     7.62 kB
dist/assets/IBMPlexSans-SemiBold-Pi-CG8jxtIB.woff2                  7.82 kB
dist/assets/IBMPlexSans-Regular-Greek-DUFCzuy2.woff2                8.83 kB
dist/assets/IBMPlexSans-Light-Greek-ucz2G9yt.woff2                  9.04 kB
dist/assets/IBMPlexSans-SemiBold-Greek-D_DqphAc.woff2               9.07 kB
dist/assets/instrument-serif-latin-ext-400-normal-CFCUzsTy.woff     9.86 kB
dist/assets/IBMPlexMono-Light-Pi-xpIvCU2V.woff2                    10.82 kB
dist/assets/IBMPlexMono-Regular-Pi-DGYmctoh.woff2                  10.84 kB
dist/assets/IBMPlexMono-SemiBold-Pi-9Wgz4jOm.woff2                 11.04 kB
dist/assets/instrument-serif-latin-ext-400-normal-C2je3j2s.woff2   11.60 kB
dist/assets/IBMPlexMono-Regular-Latin2-Bx2Zd6oW.woff2              13.31 kB
dist/assets/IBMPlexMono-Light-Latin2-COW5KW2l.woff2                13.45 kB
dist/assets/IBMPlexMono-SemiBold-Latin2-Chnj1oVO.woff2             13.54 kB
dist/assets/IBMPlexSans-Regular-Latin2-DVrf9P05.woff2              15.21 kB
dist/assets/IBMPlexSans-Light-Latin2-C9IfqevB.woff2                15.54 kB
dist/assets/IBMPlexSans-SemiBold-Latin2-B0f1M9rs.woff2             15.62 kB
dist/assets/IBMPlexMono-Light-Cyrillic-CH5TvAnd.woff2              15.93 kB
dist/assets/IBMPlexMono-Regular-Cyrillic-BXMPDyz3.woff2            15.94 kB
dist/assets/IBMPlexMono-SemiBold-Cyrillic-mAYZ68us.woff2           16.48 kB
dist/assets/IBMPlexMono-Regular-Latin1-BsnL3gsb.woff2              17.27 kB
dist/assets/IBMPlexMono-Light-Latin1-CYu-OdDn.woff2                17.42 kB
dist/assets/IBMPlexMono-SemiBold-Latin1-iYs1QkgK.woff2             17.71 kB
dist/assets/instrument-serif-latin-400-normal-BVbkICAY.woff        18.34 kB
dist/assets/IBMPlexSans-Regular-Cyrillic-C5X9L19Z.woff2            20.06 kB
dist/assets/IBMPlexSans-Light-Cyrillic-BZNsP5Vs.woff2              20.39 kB
dist/assets/IBMPlexSans-Regular-Latin1-BUjEsRx4.woff2              20.98 kB
dist/assets/instrument-serif-latin-400-normal-DnYpCC2O.woff2       21.03 kB
dist/assets/IBMPlexSans-SemiBold-Cyrillic-92PWFvQi.woff2           21.15 kB
dist/assets/IBMPlexSans-Light-Latin1-inJE14c2.woff2                22.24 kB
dist/assets/IBMPlexSans-SemiBold-Latin1-CIhZjzyK.woff2             22.26 kB
dist/assets/IBMPlexMono-Regular-C-SBB-bw.woff2                     45.64 kB
dist/assets/IBMPlexMono-Light-DU9p5eUU.woff2                       45.73 kB
dist/assets/IBMPlexMono-SemiBold-DAxHeMPo.woff2                    47.02 kB
dist/assets/IBMPlexMono-Regular-CinYKkLT.woff                      62.12 kB
dist/assets/IBMPlexMono-Light-B9U67IOM.woff                        62.18 kB
dist/assets/IBMPlexSans-Regular-BiEB_oxT.woff2                     63.02 kB
dist/assets/IBMPlexMono-SemiBold-vZ_qLIWV.woff                     63.50 kB
dist/assets/IBMPlexSans-Light-CKaMwcwk.woff2                       66.36 kB
dist/assets/IBMPlexSans-SemiBold-KfaJl9PC.woff2                    67.06 kB
dist/assets/IBMPlexSans-Regular-BgfvtkH4.woff                      87.51 kB
dist/assets/IBMPlexSans-Light-UxTEDXX2.woff                        92.10 kB
dist/assets/IBMPlexSans-SemiBold-C_aXRDFQ.woff                     92.24 kB
dist/assets/index-JT-Nc0Wg.css                                     25.55 kB │ gzip:   4.82 kB
dist/assets/index-8wygiuXf.js                                     664.27 kB │ gzip: 211.21 kB

(!) Some chunks are larger than 500 kB after minification. Consider:
- Using dynamic import() to code-split the application
- Use build.rollupOptions.output.manualChunks to improve chunking: https://rollupjs.org/configuration-options/#output-manualchunks
- Adjust chunk size limit for this warning via build.chunkSizeWarningLimit.
✓ built in 1.32s
